2014-10-03 10:53:14 INFO  XmlBeanDefinitionReader:315 - Loading XML bean definitions from class path resource [test/database/dataSource-test.xml]
2014-10-03 10:53:14 INFO  XmlBeanDefinitionReader:315 - Loading XML bean definitions from class path resource [database/hibernate.xml]
2014-10-03 10:53:14 INFO  XmlBeanDefinitionReader:315 - Loading XML bean definitions from class path resource [beans.xml]
2014-10-03 10:53:14 INFO  ClassPathBeanDefinitionScanner:230 - JSR-330 'javax.inject.Named' annotation found and supported for component scanning
2014-10-03 10:53:15 INFO  GenericApplicationContext:510 - Refreshing org.springframework.context.support.GenericApplicationContext@e43b44: startup date [Fri Oct 03 10:53:15 CEST 2014]; root of context hierarchy
2014-10-03 10:53:15 INFO  PropertyPlaceholderConfigurer:177 - Loading properties file from class path resource [test/properties/database-test.properties]
2014-10-03 10:53:15 INFO  AutowiredAnnotationBeanPostProcessor:140 - JSR-330 'javax.inject.Inject' annotation found and supported for autowiring
2014-10-03 10:53:15 INFO  DriverManagerDataSource:153 - Loaded JDBC driver: org.postgresql.Driver
2014-10-03 10:53:15 INFO  LocalContainerEntityManagerFactoryBean:283 - Building JPA container EntityManagerFactory for persistence unit 'Wojtek'
2014-10-03 10:53:16 INFO  Version:37 - HCANN000001: Hibernate Commons Annotations {4.0.1.Final}
2014-10-03 10:53:16 INFO  Version:41 - HHH000412: Hibernate Core {4.2.0.Final}
2014-10-03 10:53:16 INFO  Environment:239 - HHH000206: hibernate.properties not found
2014-10-03 10:53:16 INFO  Environment:342 - HHH000021: Bytecode provider name : javassist
2014-10-03 10:53:16 INFO  Ejb3Configuration:528 - HHH000204: Processing PersistenceUnitInfo [
	name: Wojtek
	...]
2014-10-03 10:53:16 INFO  ConnectionProviderInitiator:188 - HHH000130: Instantiating explicit connection provider: org.hibernate.ejb.connection.InjectedDataSourceConnectionProvider
2014-10-03 10:53:16 INFO  Dialect:128 - HHH000400: Using dialect: org.hibernate.dialect.PostgreSQL82Dialect
2014-10-03 10:53:16 INFO  LobCreatorBuilder:120 - HHH000424: Disabling contextual LOB creation as createClob() method threw error : java.lang.reflect.InvocationTargetException
2014-10-03 10:53:16 INFO  TransactionFactoryInitiator:73 - HHH000268: Transaction strategy: org.hibernate.engine.transaction.internal.jdbc.JdbcTransactionFactory
2014-10-03 10:53:16 INFO  ASTQueryTranslatorFactory:48 - HHH000397: Using ASTQueryTranslatorFactory
2014-10-03 10:53:16 INFO  DefaultListableBeanFactory:577 - Pre-instantiating singletons in org.springframework.beans.factory.support.DefaultListableBeanFactory@1ca52f3: defining beans [org.springframework.beans.factory.config.PropertyPlaceholderConfigurer#0,dataSource,sessionFactory,org.springframework.context.annotation.internalConfigurationAnnotationProcessor,org.springframework.context.annotation.internalAutowiredAnnotationProcessor,org.springframework.context.annotation.internalRequiredAnnotationProcessor,org.springframework.context.annotation.internalCommonAnnotationProcessor,org.springframework.context.annotation.internalPersistenceAnnotationProcessor,org.springframework.aop.config.internalAutoProxyCreator,org.springframework.transaction.annotation.AnnotationTransactionAttributeSource#0,org.springframework.transaction.interceptor.TransactionInterceptor#0,org.springframework.transaction.config.internalTransactionAdvisor,mainServiceBean,accountDao,accountService,categoryDao,categoryService,offerDao,offerService,transactionManager,entityManagerFactory,jpaAdapter,org.springframework.orm.jpa.support.PersistenceAnnotationBeanPostProcessor#0,org.springframework.context.annotation.ConfigurationClassPostProcessor.importAwareProcessor]; root of factory hierarchy
2014-10-03 10:53:17 INFO  Dialect:128 - HHH000400: Using dialect: org.hibernate.dialect.PostgreSQL82Dialect
2014-10-03 10:53:17 INFO  LobCreatorBuilder:120 - HHH000424: Disabling contextual LOB creation as createClob() method threw error : java.lang.reflect.InvocationTargetException
2014-10-03 10:53:17 INFO  TransactionFactoryInitiator:68 - HHH000399: Using default transaction strategy (direct JDBC transactions)
2014-10-03 10:53:17 INFO  ASTQueryTranslatorFactory:48 - HHH000397: Using ASTQueryTranslatorFactory
2014-10-03 10:53:17 WARN  CglibAopProxy:259 - Unable to proxy method [public final void org.springframework.test.context.junit4.AbstractJUnit4SpringContextTests.setApplicationContext(org.springframework.context.ApplicationContext)] because it is final: All calls to this method via a proxy will be routed directly to the proxy.
2014-10-03 10:53:19 WARN  SqlExceptionHelper:143 - SQL Error: 0, SQLState: 23505
2014-10-03 10:53:19 ERROR SqlExceptionHelper:144 - BŁĄD: podwójna wartość klucza narusza ograniczenie unikalności "cat_name"
  Szczegóły: Klucz (category_name)=(kategoriaTestowa) już istnieje.
2014-10-03 10:53:19 INFO  AbstractBatchImpl:195 - HHH000010: On release of batch it still contained JDBC statements
2014-10-03 10:53:20 INFO  GenericApplicationContext:1042 - Closing org.springframework.context.support.GenericApplicationContext@e43b44: startup date [Fri Oct 03 10:53:15 CEST 2014]; root of context hierarchy
2014-10-03 10:53:20 INFO  DefaultListableBeanFactory:444 - Destroying singletons in org.springframework.beans.factory.support.DefaultListableBeanFactory@1ca52f3: defining beans [org.springframework.beans.factory.config.PropertyPlaceholderConfigurer#0,dataSource,sessionFactory,org.springframework.context.annotation.internalConfigurationAnnotationProcessor,org.springframework.context.annotation.internalAutowiredAnnotationProcessor,org.springframework.context.annotation.internalRequiredAnnotationProcessor,org.springframework.context.annotation.internalCommonAnnotationProcessor,org.springframework.context.annotation.internalPersistenceAnnotationProcessor,org.springframework.aop.config.internalAutoProxyCreator,org.springframework.transaction.annotation.AnnotationTransactionAttributeSource#0,org.springframework.transaction.interceptor.TransactionInterceptor#0,org.springframework.transaction.config.internalTransactionAdvisor,mainServiceBean,accountDao,accountService,categoryDao,categoryService,offerDao,offerService,transactionManager,entityManagerFactory,jpaAdapter,org.springframework.orm.jpa.support.PersistenceAnnotationBeanPostProcessor#0,org.springframework.context.annotation.ConfigurationClassPostProcessor.importAwareProcessor]; root of factory hierarchy
2014-10-03 10:53:20 INFO  LocalContainerEntityManagerFactoryBean:441 - Closing JPA EntityManagerFactory for persistence unit 'Wojtek'
2014-10-03 10:54:33 INFO  XmlBeanDefinitionReader:315 - Loading XML bean definitions from class path resource [test/beanConfiguration-test.xml]
2014-10-03 10:54:34 INFO  XmlBeanDefinitionReader:315 - Loading XML bean definitions from class path resource [test/database/dataSource-test.xml]
2014-10-03 10:54:34 INFO  XmlBeanDefinitionReader:315 - Loading XML bean definitions from class path resource [database/hibernate.xml]
2014-10-03 10:54:34 INFO  XmlBeanDefinitionReader:315 - Loading XML bean definitions from class path resource [beans.xml]
2014-10-03 10:54:34 INFO  ClassPathBeanDefinitionScanner:230 - JSR-330 'javax.inject.Named' annotation found and supported for component scanning
2014-10-03 10:54:34 INFO  GenericApplicationContext:510 - Refreshing org.springframework.context.support.GenericApplicationContext@e43b44: startup date [Fri Oct 03 10:54:34 CEST 2014]; root of context hierarchy
2014-10-03 10:54:34 INFO  PropertyPlaceholderConfigurer:177 - Loading properties file from class path resource [test/properties/database-test.properties]
2014-10-03 10:54:34 INFO  AutowiredAnnotationBeanPostProcessor:140 - JSR-330 'javax.inject.Inject' annotation found and supported for autowiring
2014-10-03 10:54:34 INFO  DriverManagerDataSource:153 - Loaded JDBC driver: org.postgresql.Driver
2014-10-03 10:54:34 INFO  LocalContainerEntityManagerFactoryBean:283 - Building JPA container EntityManagerFactory for persistence unit 'Wojtek'
2014-10-03 10:54:34 INFO  Version:37 - HCANN000001: Hibernate Commons Annotations {4.0.1.Final}
2014-10-03 10:54:34 INFO  Version:41 - HHH000412: Hibernate Core {4.2.0.Final}
2014-10-03 10:54:34 INFO  Environment:239 - HHH000206: hibernate.properties not found
2014-10-03 10:54:34 INFO  Environment:342 - HHH000021: Bytecode provider name : javassist
2014-10-03 10:54:34 INFO  Ejb3Configuration:528 - HHH000204: Processing PersistenceUnitInfo [
	name: Wojtek
	...]
2014-10-03 10:54:34 INFO  ConnectionProviderInitiator:188 - HHH000130: Instantiating explicit connection provider: org.hibernate.ejb.connection.InjectedDataSourceConnectionProvider
2014-10-03 10:54:34 INFO  Dialect:128 - HHH000400: Using dialect: org.hibernate.dialect.PostgreSQL82Dialect
2014-10-03 10:54:34 INFO  LobCreatorBuilder:120 - HHH000424: Disabling contextual LOB creation as createClob() method threw error : java.lang.reflect.InvocationTargetException
2014-10-03 10:54:34 INFO  TransactionFactoryInitiator:73 - HHH000268: Transaction strategy: org.hibernate.engine.transaction.internal.jdbc.JdbcTransactionFactory
2014-10-03 10:54:34 INFO  ASTQueryTranslatorFactory:48 - HHH000397: Using ASTQueryTranslatorFactory
2014-10-03 10:54:35 INFO  DefaultListableBeanFactory:577 - Pre-instantiating singletons in org.springframework.beans.factory.support.DefaultListableBeanFactory@1ca52f3: defining beans [org.springframework.beans.factory.config.PropertyPlaceholderConfigurer#0,dataSource,sessionFactory,org.springframework.context.annotation.internalConfigurationAnnotationProcessor,org.springframework.context.annotation.internalAutowiredAnnotationProcessor,org.springframework.context.annotation.internalRequiredAnnotationProcessor,org.springframework.context.annotation.internalCommonAnnotationProcessor,org.springframework.context.annotation.internalPersistenceAnnotationProcessor,org.springframework.aop.config.internalAutoProxyCreator,org.springframework.transaction.annotation.AnnotationTransactionAttributeSource#0,org.springframework.transaction.interceptor.TransactionInterceptor#0,org.springframework.transaction.config.internalTransactionAdvisor,mainServiceBean,accountDao,accountService,categoryDao,categoryService,offerDao,offerService,transactionManager,entityManagerFactory,jpaAdapter,org.springframework.orm.jpa.support.PersistenceAnnotationBeanPostProcessor#0,org.springframework.context.annotation.ConfigurationClassPostProcessor.importAwareProcessor]; root of factory hierarchy
2014-10-03 10:54:35 INFO  Dialect:128 - HHH000400: Using dialect: org.hibernate.dialect.PostgreSQL82Dialect
2014-10-03 10:54:35 INFO  LobCreatorBuilder:120 - HHH000424: Disabling contextual LOB creation as createClob() method threw error : java.lang.reflect.InvocationTargetException
2014-10-03 10:54:35 INFO  TransactionFactoryInitiator:68 - HHH000399: Using default transaction strategy (direct JDBC transactions)
2014-10-03 10:54:35 INFO  ASTQueryTranslatorFactory:48 - HHH000397: Using ASTQueryTranslatorFactory
2014-10-03 10:54:35 WARN  CglibAopProxy:259 - Unable to proxy method [public final void org.springframework.test.context.junit4.AbstractJUnit4SpringContextTests.setApplicationContext(org.springframework.context.ApplicationContext)] because it is final: All calls to this method via a proxy will be routed directly to the proxy.
2014-10-03 10:54:35 WARN  SqlExceptionHelper:143 - SQL Error: 0, SQLState: 23505
2014-10-03 10:54:35 ERROR SqlExceptionHelper:144 - BŁĄD: podwójna wartość klucza narusza ograniczenie unikalności "cat_name"
  Szczegóły: Klucz (category_name)=(kategoriaTestowa) już istnieje.
2014-10-03 10:54:35 INFO  AbstractBatchImpl:195 - HHH000010: On release of batch it still contained JDBC statements
2014-10-03 10:54:37 INFO  GenericApplicationContext:1042 - Closing org.springframework.context.support.GenericApplicationContext@e43b44: startup date [Fri Oct 03 10:54:34 CEST 2014]; root of context hierarchy
2014-10-03 10:54:37 INFO  DefaultListableBeanFactory:444 - Destroying singletons in org.springframework.beans.factory.support.DefaultListableBeanFactory@1ca52f3: defining beans [org.springframework.beans.factory.config.PropertyPlaceholderConfigurer#0,dataSource,sessionFactory,org.springframework.context.annotation.internalConfigurationAnnotationProcessor,org.springframework.context.annotation.internalAutowiredAnnotationProcessor,org.springframework.context.annotation.internalRequiredAnnotationProcessor,org.springframework.context.annotation.internalCommonAnnotationProcessor,org.springframework.context.annotation.internalPersistenceAnnotationProcessor,org.springframework.aop.config.internalAutoProxyCreator,org.springframework.transaction.annotation.AnnotationTransactionAttributeSource#0,org.springframework.transaction.interceptor.TransactionInterceptor#0,org.springframework.transaction.config.internalTransactionAdvisor,mainServiceBean,accountDao,accountService,categoryDao,categoryService,offerDao,offerService,transactionManager,entityManagerFactory,jpaAdapter,org.springframework.orm.jpa.support.PersistenceAnnotationBeanPostProcessor#0,org.springframework.context.annotation.ConfigurationClassPostProcessor.importAwareProcessor]; root of factory hierarchy
2014-10-03 10:54:37 INFO  LocalContainerEntityManagerFactoryBean:441 - Closing JPA EntityManagerFactory for persistence unit 'Wojtek'
2014-10-03 10:55:07 INFO  XmlBeanDefinitionReader:315 - Loading XML bean definitions from class path resource [test/beanConfiguration-test.xml]
2014-10-03 10:55:08 INFO  XmlBeanDefinitionReader:315 - Loading XML bean definitions from class path resource [test/database/dataSource-test.xml]
2014-10-03 10:55:08 INFO  XmlBeanDefinitionReader:315 - Loading XML bean definitions from class path resource [database/hibernate.xml]
2014-10-03 10:55:08 INFO  XmlBeanDefinitionReader:315 - Loading XML bean definitions from class path resource [beans.xml]
2014-10-03 10:55:08 INFO  ClassPathBeanDefinitionScanner:230 - JSR-330 'javax.inject.Named' annotation found and supported for component scanning
2014-10-03 10:55:08 INFO  GenericApplicationContext:510 - Refreshing org.springframework.context.support.GenericApplicationContext@e43b44: startup date [Fri Oct 03 10:55:08 CEST 2014]; root of context hierarchy
2014-10-03 10:55:08 INFO  PropertyPlaceholderConfigurer:177 - Loading properties file from class path resource [test/properties/database-test.properties]
2014-10-03 10:55:08 INFO  AutowiredAnnotationBeanPostProcessor:140 - JSR-330 'javax.inject.Inject' annotation found and supported for autowiring
2014-10-03 10:55:08 INFO  DriverManagerDataSource:153 - Loaded JDBC driver: org.postgresql.Driver
2014-10-03 10:55:08 INFO  LocalContainerEntityManagerFactoryBean:283 - Building JPA container EntityManagerFactory for persistence unit 'Wojtek'
2014-10-03 10:55:08 INFO  Version:37 - HCANN000001: Hibernate Commons Annotations {4.0.1.Final}
2014-10-03 10:55:08 INFO  Version:41 - HHH000412: Hibernate Core {4.2.0.Final}
2014-10-03 10:55:08 INFO  Environment:239 - HHH000206: hibernate.properties not found
2014-10-03 10:55:08 INFO  Environment:342 - HHH000021: Bytecode provider name : javassist
2014-10-03 10:55:08 INFO  Ejb3Configuration:528 - HHH000204: Processing PersistenceUnitInfo [
	name: Wojtek
	...]
2014-10-03 10:55:08 INFO  ConnectionProviderInitiator:188 - HHH000130: Instantiating explicit connection provider: org.hibernate.ejb.connection.InjectedDataSourceConnectionProvider
2014-10-03 10:55:08 INFO  Dialect:128 - HHH000400: Using dialect: org.hibernate.dialect.PostgreSQL82Dialect
2014-10-03 10:55:08 INFO  LobCreatorBuilder:120 - HHH000424: Disabling contextual LOB creation as createClob() method threw error : java.lang.reflect.InvocationTargetException
2014-10-03 10:55:08 INFO  TransactionFactoryInitiator:73 - HHH000268: Transaction strategy: org.hibernate.engine.transaction.internal.jdbc.JdbcTransactionFactory
2014-10-03 10:55:08 INFO  ASTQueryTranslatorFactory:48 - HHH000397: Using ASTQueryTranslatorFactory
2014-10-03 10:55:09 INFO  DefaultListableBeanFactory:577 - Pre-instantiating singletons in org.springframework.beans.factory.support.DefaultListableBeanFactory@1ca52f3: defining beans [org.springframework.beans.factory.config.PropertyPlaceholderConfigurer#0,dataSource,sessionFactory,org.springframework.context.annotation.internalConfigurationAnnotationProcessor,org.springframework.context.annotation.internalAutowiredAnnotationProcessor,org.springframework.context.annotation.internalRequiredAnnotationProcessor,org.springframework.context.annotation.internalCommonAnnotationProcessor,org.springframework.context.annotation.internalPersistenceAnnotationProcessor,org.springframework.aop.config.internalAutoProxyCreator,org.springframework.transaction.annotation.AnnotationTransactionAttributeSource#0,org.springframework.transaction.interceptor.TransactionInterceptor#0,org.springframework.transaction.config.internalTransactionAdvisor,mainServiceBean,accountDao,accountService,categoryDao,categoryService,offerDao,offerService,transactionManager,entityManagerFactory,jpaAdapter,org.springframework.orm.jpa.support.PersistenceAnnotationBeanPostProcessor#0,org.springframework.context.annotation.ConfigurationClassPostProcessor.importAwareProcessor]; root of factory hierarchy
2014-10-03 10:55:09 INFO  Dialect:128 - HHH000400: Using dialect: org.hibernate.dialect.PostgreSQL82Dialect
2014-10-03 10:55:09 INFO  LobCreatorBuilder:120 - HHH000424: Disabling contextual LOB creation as createClob() method threw error : java.lang.reflect.InvocationTargetException
2014-10-03 10:55:09 INFO  TransactionFactoryInitiator:68 - HHH000399: Using default transaction strategy (direct JDBC transactions)
2014-10-03 10:55:09 INFO  ASTQueryTranslatorFactory:48 - HHH000397: Using ASTQueryTranslatorFactory
2014-10-03 10:55:09 WARN  CglibAopProxy:259 - Unable to proxy method [public final void org.springframework.test.context.junit4.AbstractJUnit4SpringContextTests.setApplicationContext(org.springframework.context.ApplicationContext)] because it is final: All calls to this method via a proxy will be routed directly to the proxy.
2014-10-03 10:55:11 WARN  SqlExceptionHelper:143 - SQL Error: 0, SQLState: 23505
2014-10-03 10:55:11 ERROR SqlExceptionHelper:144 - BŁĄD: podwójna wartość klucza narusza ograniczenie unikalności "cat_name"
  Szczegóły: Klucz (category_name)=(kategoriaTestowa) już istnieje.
2014-10-03 10:55:11 INFO  AbstractBatchImpl:195 - HHH000010: On release of batch it still contained JDBC statements
2014-10-03 10:55:12 INFO  GenericApplicationContext:1042 - Closing org.springframework.context.support.GenericApplicationContext@e43b44: startup date [Fri Oct 03 10:55:08 CEST 2014]; root of context hierarchy
2014-10-03 10:55:12 INFO  DefaultListableBeanFactory:444 - Destroying singletons in org.springframework.beans.factory.support.DefaultListableBeanFactory@1ca52f3: defining beans [org.springframework.beans.factory.config.PropertyPlaceholderConfigurer#0,dataSource,sessionFactory,org.springframework.context.annotation.internalConfigurationAnnotationProcessor,org.springframework.context.annotation.internalAutowiredAnnotationProcessor,org.springframework.context.annotation.internalRequiredAnnotationProcessor,org.springframework.context.annotation.internalCommonAnnotationProcessor,org.springframework.context.annotation.internalPersistenceAnnotationProcessor,org.springframework.aop.config.internalAutoProxyCreator,org.springframework.transaction.annotation.AnnotationTransactionAttributeSource#0,org.springframework.transaction.interceptor.TransactionInterceptor#0,org.springframework.transaction.config.internalTransactionAdvisor,mainServiceBean,accountDao,accountService,categoryDao,categoryService,offerDao,offerService,transactionManager,entityManagerFactory,jpaAdapter,org.springframework.orm.jpa.support.PersistenceAnnotationBeanPostProcessor#0,org.springframework.context.annotation.ConfigurationClassPostProcessor.importAwareProcessor]; root of factory hierarchy
2014-10-03 10:55:12 INFO  LocalContainerEntityManagerFactoryBean:441 - Closing JPA EntityManagerFactory for persistence unit 'Wojtek'
2014-10-03 11:10:15 INFO  XmlBeanDefinitionReader:315 - Loading XML bean definitions from class path resource [test/beanConfiguration-test.xml]
2014-10-03 11:10:15 INFO  XmlBeanDefinitionReader:315 - Loading XML bean definitions from class path resource [test/database/dataSource-test.xml]
2014-10-03 11:10:15 INFO  XmlBeanDefinitionReader:315 - Loading XML bean definitions from class path resource [database/hibernate.xml]
2014-10-03 11:10:15 INFO  XmlBeanDefinitionReader:315 - Loading XML bean definitions from class path resource [beans.xml]
2014-10-03 11:10:15 INFO  ClassPathBeanDefinitionScanner:230 - JSR-330 'javax.inject.Named' annotation found and supported for component scanning
2014-10-03 11:10:15 INFO  GenericApplicationContext:510 - Refreshing org.springframework.context.support.GenericApplicationContext@160e796: startup date [Fri Oct 03 11:10:15 CEST 2014]; root of context hierarchy
2014-10-03 11:10:15 INFO  PropertyPlaceholderConfigurer:177 - Loading properties file from class path resource [test/properties/database-test.properties]
2014-10-03 11:10:15 INFO  AutowiredAnnotationBeanPostProcessor:140 - JSR-330 'javax.inject.Inject' annotation found and supported for autowiring
2014-10-03 11:10:15 INFO  DriverManagerDataSource:153 - Loaded JDBC driver: org.postgresql.Driver
2014-10-03 11:10:15 INFO  LocalContainerEntityManagerFactoryBean:283 - Building JPA container EntityManagerFactory for persistence unit 'Wojtek'
2014-10-03 11:10:15 INFO  Version:37 - HCANN000001: Hibernate Commons Annotations {4.0.1.Final}
2014-10-03 11:10:15 INFO  Version:41 - HHH000412: Hibernate Core {4.2.0.Final}
2014-10-03 11:10:15 INFO  Environment:239 - HHH000206: hibernate.properties not found
2014-10-03 11:10:15 INFO  Environment:342 - HHH000021: Bytecode provider name : javassist
2014-10-03 11:10:15 INFO  Ejb3Configuration:528 - HHH000204: Processing PersistenceUnitInfo [
	name: Wojtek
	...]
2014-10-03 11:10:15 INFO  ConnectionProviderInitiator:188 - HHH000130: Instantiating explicit connection provider: org.hibernate.ejb.connection.InjectedDataSourceConnectionProvider
2014-10-03 11:10:16 INFO  Dialect:128 - HHH000400: Using dialect: org.hibernate.dialect.PostgreSQL82Dialect
2014-10-03 11:10:16 INFO  LobCreatorBuilder:120 - HHH000424: Disabling contextual LOB creation as createClob() method threw error : java.lang.reflect.InvocationTargetException
2014-10-03 11:10:16 INFO  TransactionFactoryInitiator:73 - HHH000268: Transaction strategy: org.hibernate.engine.transaction.internal.jdbc.JdbcTransactionFactory
2014-10-03 11:10:16 INFO  ASTQueryTranslatorFactory:48 - HHH000397: Using ASTQueryTranslatorFactory
2014-10-03 11:10:16 INFO  DefaultListableBeanFactory:577 - Pre-instantiating singletons in org.springframework.beans.factory.support.DefaultListableBeanFactory@15b1bc2: defining beans [org.springframework.beans.factory.config.PropertyPlaceholderConfigurer#0,dataSource,sessionFactory,org.springframework.context.annotation.internalConfigurationAnnotationProcessor,org.springframework.context.annotation.internalAutowiredAnnotationProcessor,org.springframework.context.annotation.internalRequiredAnnotationProcessor,org.springframework.context.annotation.internalCommonAnnotationProcessor,org.springframework.context.annotation.internalPersistenceAnnotationProcessor,org.springframework.aop.config.internalAutoProxyCreator,org.springframework.transaction.annotation.AnnotationTransactionAttributeSource#0,org.springframework.transaction.interceptor.TransactionInterceptor#0,org.springframework.transaction.config.internalTransactionAdvisor,mainServiceBean,accountDao,accountService,categoryDao,categoryService,offerDao,offerService,transactionManager,entityManagerFactory,jpaAdapter,org.springframework.orm.jpa.support.PersistenceAnnotationBeanPostProcessor#0,org.springframework.context.annotation.ConfigurationClassPostProcessor.importAwareProcessor]; root of factory hierarchy
2014-10-03 11:10:16 INFO  Dialect:128 - HHH000400: Using dialect: org.hibernate.dialect.PostgreSQL82Dialect
2014-10-03 11:10:16 INFO  LobCreatorBuilder:120 - HHH000424: Disabling contextual LOB creation as createClob() method threw error : java.lang.reflect.InvocationTargetException
2014-10-03 11:10:16 INFO  TransactionFactoryInitiator:68 - HHH000399: Using default transaction strategy (direct JDBC transactions)
2014-10-03 11:10:16 INFO  ASTQueryTranslatorFactory:48 - HHH000397: Using ASTQueryTranslatorFactory
2014-10-03 11:10:16 WARN  CglibAopProxy:259 - Unable to proxy method [public final void org.springframework.test.context.junit4.AbstractJUnit4SpringContextTests.setApplicationContext(org.springframework.context.ApplicationContext)] because it is final: All calls to this method via a proxy will be routed directly to the proxy.
2014-10-03 11:10:19 WARN  SqlExceptionHelper:143 - SQL Error: 0, SQLState: 23505
2014-10-03 11:10:19 ERROR SqlExceptionHelper:144 - BŁĄD: podwójna wartość klucza narusza ograniczenie unikalności "cat_name"
  Szczegóły: Klucz (category_name)=(kategoriaTestowa) już istnieje.
2014-10-03 11:10:19 INFO  AbstractBatchImpl:195 - HHH000010: On release of batch it still contained JDBC statements
2014-10-03 11:10:19 INFO  GenericApplicationContext:1042 - Closing org.springframework.context.support.GenericApplicationContext@160e796: startup date [Fri Oct 03 11:10:15 CEST 2014]; root of context hierarchy
2014-10-03 11:10:19 INFO  DefaultListableBeanFactory:444 - Destroying singletons in org.springframework.beans.factory.support.DefaultListableBeanFactory@15b1bc2: defining beans [org.springframework.beans.factory.config.PropertyPlaceholderConfigurer#0,dataSource,sessionFactory,org.springframework.context.annotation.internalConfigurationAnnotationProcessor,org.springframework.context.annotation.internalAutowiredAnnotationProcessor,org.springframework.context.annotation.internalRequiredAnnotationProcessor,org.springframework.context.annotation.internalCommonAnnotationProcessor,org.springframework.context.annotation.internalPersistenceAnnotationProcessor,org.springframework.aop.config.internalAutoProxyCreator,org.springframework.transaction.annotation.AnnotationTransactionAttributeSource#0,org.springframework.transaction.interceptor.TransactionInterceptor#0,org.springframework.transaction.config.internalTransactionAdvisor,mainServiceBean,accountDao,accountService,categoryDao,categoryService,offerDao,offerService,transactionManager,entityManagerFactory,jpaAdapter,org.springframework.orm.jpa.support.PersistenceAnnotationBeanPostProcessor#0,org.springframework.context.annotation.ConfigurationClassPostProcessor.importAwareProcessor]; root of factory hierarchy
2014-10-03 11:10:19 INFO  LocalContainerEntityManagerFactoryBean:441 - Closing JPA EntityManagerFactory for persistence unit 'Wojtek'
2014-10-03 11:11:04 INFO  XmlBeanDefinitionReader:315 - Loading XML bean definitions from class path resource [test/beanConfiguration-test.xml]
2014-10-03 11:11:04 INFO  XmlBeanDefinitionReader:315 - Loading XML bean definitions from class path resource [test/database/dataSource-test.xml]
2014-10-03 11:11:04 INFO  XmlBeanDefinitionReader:315 - Loading XML bean definitions from class path resource [database/hibernate.xml]
2014-10-03 11:11:04 INFO  XmlBeanDefinitionReader:315 - Loading XML bean definitions from class path resource [beans.xml]
2014-10-03 11:11:04 INFO  ClassPathBeanDefinitionScanner:230 - JSR-330 'javax.inject.Named' annotation found and supported for component scanning
2014-10-03 11:11:04 INFO  GenericApplicationContext:510 - Refreshing org.springframework.context.support.GenericApplicationContext@188665b: startup date [Fri Oct 03 11:11:04 CEST 2014]; root of context hierarchy
2014-10-03 11:11:05 INFO  PropertyPlaceholderConfigurer:177 - Loading properties file from class path resource [test/properties/database-test.properties]
2014-10-03 11:11:05 INFO  AutowiredAnnotationBeanPostProcessor:140 - JSR-330 'javax.inject.Inject' annotation found and supported for autowiring
2014-10-03 11:11:05 INFO  DriverManagerDataSource:153 - Loaded JDBC driver: org.postgresql.Driver
2014-10-03 11:11:05 INFO  LocalContainerEntityManagerFactoryBean:283 - Building JPA container EntityManagerFactory for persistence unit 'Wojtek'
2014-10-03 11:11:05 INFO  Version:37 - HCANN000001: Hibernate Commons Annotations {4.0.1.Final}
2014-10-03 11:11:05 INFO  Version:41 - HHH000412: Hibernate Core {4.2.0.Final}
2014-10-03 11:11:05 INFO  Environment:239 - HHH000206: hibernate.properties not found
2014-10-03 11:11:05 INFO  Environment:342 - HHH000021: Bytecode provider name : javassist
2014-10-03 11:11:05 INFO  Ejb3Configuration:528 - HHH000204: Processing PersistenceUnitInfo [
	name: Wojtek
	...]
2014-10-03 11:11:05 INFO  ConnectionProviderInitiator:188 - HHH000130: Instantiating explicit connection provider: org.hibernate.ejb.connection.InjectedDataSourceConnectionProvider
2014-10-03 11:11:06 INFO  Dialect:128 - HHH000400: Using dialect: org.hibernate.dialect.PostgreSQL82Dialect
2014-10-03 11:11:06 INFO  LobCreatorBuilder:120 - HHH000424: Disabling contextual LOB creation as createClob() method threw error : java.lang.reflect.InvocationTargetException
2014-10-03 11:11:06 INFO  TransactionFactoryInitiator:73 - HHH000268: Transaction strategy: org.hibernate.engine.transaction.internal.jdbc.JdbcTransactionFactory
2014-10-03 11:11:06 INFO  ASTQueryTranslatorFactory:48 - HHH000397: Using ASTQueryTranslatorFactory
2014-10-03 11:11:06 INFO  DefaultListableBeanFactory:577 - Pre-instantiating singletons in org.springframework.beans.factory.support.DefaultListableBeanFactory@14356c8: defining beans [org.springframework.beans.factory.config.PropertyPlaceholderConfigurer#0,dataSource,sessionFactory,org.springframework.context.annotation.internalConfigurationAnnotationProcessor,org.springframework.context.annotation.internalAutowiredAnnotationProcessor,org.springframework.context.annotation.internalRequiredAnnotationProcessor,org.springframework.context.annotation.internalCommonAnnotationProcessor,org.springframework.context.annotation.internalPersistenceAnnotationProcessor,org.springframework.aop.config.internalAutoProxyCreator,org.springframework.transaction.annotation.AnnotationTransactionAttributeSource#0,org.springframework.transaction.interceptor.TransactionInterceptor#0,org.springframework.transaction.config.internalTransactionAdvisor,mainServiceBean,accountDao,accountService,categoryDao,categoryService,offerDao,offerService,transactionManager,entityManagerFactory,jpaAdapter,org.springframework.orm.jpa.support.PersistenceAnnotationBeanPostProcessor#0,org.springframework.context.annotation.ConfigurationClassPostProcessor.importAwareProcessor]; root of factory hierarchy
2014-10-03 11:11:06 INFO  Dialect:128 - HHH000400: Using dialect: org.hibernate.dialect.PostgreSQL82Dialect
2014-10-03 11:11:06 INFO  LobCreatorBuilder:120 - HHH000424: Disabling contextual LOB creation as createClob() method threw error : java.lang.reflect.InvocationTargetException
2014-10-03 11:11:06 INFO  TransactionFactoryInitiator:68 - HHH000399: Using default transaction strategy (direct JDBC transactions)
2014-10-03 11:11:06 INFO  ASTQueryTranslatorFactory:48 - HHH000397: Using ASTQueryTranslatorFactory
2014-10-03 11:11:06 WARN  CglibAopProxy:259 - Unable to proxy method [public final void org.springframework.test.context.junit4.AbstractJUnit4SpringContextTests.setApplicationContext(org.springframework.context.ApplicationContext)] because it is final: All calls to this method via a proxy will be routed directly to the proxy.
2014-10-03 11:11:07 WARN  SqlExceptionHelper:143 - SQL Error: 0, SQLState: 23505
2014-10-03 11:11:07 ERROR SqlExceptionHelper:144 - BŁĄD: podwójna wartość klucza narusza ograniczenie unikalności "cat_name"
  Szczegóły: Klucz (category_name)=(kategoriaTestowa) już istnieje.
2014-10-03 11:11:07 INFO  AbstractBatchImpl:195 - HHH000010: On release of batch it still contained JDBC statements
2014-10-03 11:11:31 INFO  XmlBeanDefinitionReader:315 - Loading XML bean definitions from class path resource [test/beanConfiguration-test.xml]
2014-10-03 11:11:31 INFO  XmlBeanDefinitionReader:315 - Loading XML bean definitions from class path resource [test/database/dataSource-test.xml]
2014-10-03 11:11:31 INFO  XmlBeanDefinitionReader:315 - Loading XML bean definitions from class path resource [database/hibernate.xml]
2014-10-03 11:11:31 INFO  XmlBeanDefinitionReader:315 - Loading XML bean definitions from class path resource [beans.xml]
2014-10-03 11:11:31 INFO  ClassPathBeanDefinitionScanner:230 - JSR-330 'javax.inject.Named' annotation found and supported for component scanning
2014-10-03 11:11:31 INFO  GenericApplicationContext:510 - Refreshing org.springframework.context.support.GenericApplicationContext@1046822: startup date [Fri Oct 03 11:11:31 CEST 2014]; root of context hierarchy
2014-10-03 11:11:31 INFO  PropertyPlaceholderConfigurer:177 - Loading properties file from class path resource [test/properties/database-test.properties]
2014-10-03 11:11:31 INFO  AutowiredAnnotationBeanPostProcessor:140 - JSR-330 'javax.inject.Inject' annotation found and supported for autowiring
2014-10-03 11:11:31 INFO  DriverManagerDataSource:153 - Loaded JDBC driver: org.postgresql.Driver
2014-10-03 11:11:31 INFO  LocalContainerEntityManagerFactoryBean:283 - Building JPA container EntityManagerFactory for persistence unit 'Wojtek'
2014-10-03 11:11:31 INFO  Version:37 - HCANN000001: Hibernate Commons Annotations {4.0.1.Final}
2014-10-03 11:11:31 INFO  Version:41 - HHH000412: Hibernate Core {4.2.0.Final}
2014-10-03 11:11:31 INFO  Environment:239 - HHH000206: hibernate.properties not found
2014-10-03 11:11:31 INFO  Environment:342 - HHH000021: Bytecode provider name : javassist
2014-10-03 11:11:31 INFO  Ejb3Configuration:528 - HHH000204: Processing PersistenceUnitInfo [
	name: Wojtek
	...]
2014-10-03 11:11:32 INFO  ConnectionProviderInitiator:188 - HHH000130: Instantiating explicit connection provider: org.hibernate.ejb.connection.InjectedDataSourceConnectionProvider
2014-10-03 11:11:32 INFO  Dialect:128 - HHH000400: Using dialect: org.hibernate.dialect.PostgreSQL82Dialect
2014-10-03 11:11:32 INFO  LobCreatorBuilder:120 - HHH000424: Disabling contextual LOB creation as createClob() method threw error : java.lang.reflect.InvocationTargetException
2014-10-03 11:11:32 INFO  TransactionFactoryInitiator:73 - HHH000268: Transaction strategy: org.hibernate.engine.transaction.internal.jdbc.JdbcTransactionFactory
2014-10-03 11:11:32 INFO  ASTQueryTranslatorFactory:48 - HHH000397: Using ASTQueryTranslatorFactory
2014-10-03 11:11:32 INFO  DefaultListableBeanFactory:577 - Pre-instantiating singletons in org.springframework.beans.factory.support.DefaultListableBeanFactory@15b1bc2: defining beans [org.springframework.beans.factory.config.PropertyPlaceholderConfigurer#0,dataSource,sessionFactory,org.springframework.context.annotation.internalConfigurationAnnotationProcessor,org.springframework.context.annotation.internalAutowiredAnnotationProcessor,org.springframework.context.annotation.internalRequiredAnnotationProcessor,org.springframework.context.annotation.internalCommonAnnotationProcessor,org.springframework.context.annotation.internalPersistenceAnnotationProcessor,org.springframework.aop.config.internalAutoProxyCreator,org.springframework.transaction.annotation.AnnotationTransactionAttributeSource#0,org.springframework.transaction.interceptor.TransactionInterceptor#0,org.springframework.transaction.config.internalTransactionAdvisor,mainServiceBean,accountDao,accountService,categoryDao,categoryService,offerDao,offerService,transactionManager,entityManagerFactory,jpaAdapter,org.springframework.orm.jpa.support.PersistenceAnnotationBeanPostProcessor#0,org.springframework.context.annotation.ConfigurationClassPostProcessor.importAwareProcessor]; root of factory hierarchy
2014-10-03 11:11:32 INFO  Dialect:128 - HHH000400: Using dialect: org.hibernate.dialect.PostgreSQL82Dialect
2014-10-03 11:11:32 INFO  LobCreatorBuilder:120 - HHH000424: Disabling contextual LOB creation as createClob() method threw error : java.lang.reflect.InvocationTargetException
2014-10-03 11:11:32 INFO  TransactionFactoryInitiator:68 - HHH000399: Using default transaction strategy (direct JDBC transactions)
2014-10-03 11:11:32 INFO  ASTQueryTranslatorFactory:48 - HHH000397: Using ASTQueryTranslatorFactory
2014-10-03 11:11:32 WARN  CglibAopProxy:259 - Unable to proxy method [public final void org.springframework.test.context.junit4.AbstractJUnit4SpringContextTests.setApplicationContext(org.springframework.context.ApplicationContext)] because it is final: All calls to this method via a proxy will be routed directly to the proxy.
2014-10-03 11:11:41 INFO  XmlBeanDefinitionReader:315 - Loading XML bean definitions from class path resource [test/beanConfiguration-test.xml]
2014-10-03 11:11:41 INFO  XmlBeanDefinitionReader:315 - Loading XML bean definitions from class path resource [test/database/dataSource-test.xml]
2014-10-03 11:11:41 INFO  XmlBeanDefinitionReader:315 - Loading XML bean definitions from class path resource [database/hibernate.xml]
2014-10-03 11:11:41 INFO  XmlBeanDefinitionReader:315 - Loading XML bean definitions from class path resource [beans.xml]
2014-10-03 11:11:41 INFO  ClassPathBeanDefinitionScanner:230 - JSR-330 'javax.inject.Named' annotation found and supported for component scanning
2014-10-03 11:11:41 INFO  GenericApplicationContext:510 - Refreshing org.springframework.context.support.GenericApplicationContext@1f81b9e: startup date [Fri Oct 03 11:11:41 CEST 2014]; root of context hierarchy
2014-10-03 11:11:41 INFO  PropertyPlaceholderConfigurer:177 - Loading properties file from class path resource [test/properties/database-test.properties]
2014-10-03 11:11:41 INFO  AutowiredAnnotationBeanPostProcessor:140 - JSR-330 'javax.inject.Inject' annotation found and supported for autowiring
2014-10-03 11:11:41 INFO  DriverManagerDataSource:153 - Loaded JDBC driver: org.postgresql.Driver
2014-10-03 11:11:41 INFO  LocalContainerEntityManagerFactoryBean:283 - Building JPA container EntityManagerFactory for persistence unit 'Wojtek'
2014-10-03 11:11:41 INFO  Version:37 - HCANN000001: Hibernate Commons Annotations {4.0.1.Final}
2014-10-03 11:11:41 INFO  Version:41 - HHH000412: Hibernate Core {4.2.0.Final}
2014-10-03 11:11:41 INFO  Environment:239 - HHH000206: hibernate.properties not found
2014-10-03 11:11:41 INFO  Environment:342 - HHH000021: Bytecode provider name : javassist
2014-10-03 11:11:41 INFO  Ejb3Configuration:528 - HHH000204: Processing PersistenceUnitInfo [
	name: Wojtek
	...]
2014-10-03 11:11:42 INFO  ConnectionProviderInitiator:188 - HHH000130: Instantiating explicit connection provider: org.hibernate.ejb.connection.InjectedDataSourceConnectionProvider
2014-10-03 11:11:42 INFO  Dialect:128 - HHH000400: Using dialect: org.hibernate.dialect.PostgreSQL82Dialect
2014-10-03 11:11:42 INFO  LobCreatorBuilder:120 - HHH000424: Disabling contextual LOB creation as createClob() method threw error : java.lang.reflect.InvocationTargetException
2014-10-03 11:11:42 INFO  TransactionFactoryInitiator:73 - HHH000268: Transaction strategy: org.hibernate.engine.transaction.internal.jdbc.JdbcTransactionFactory
2014-10-03 11:11:42 INFO  ASTQueryTranslatorFactory:48 - HHH000397: Using ASTQueryTranslatorFactory
2014-10-03 11:11:42 INFO  DefaultListableBeanFactory:577 - Pre-instantiating singletons in org.springframework.beans.factory.support.DefaultListableBeanFactory@1f6913a: defining beans [org.springframework.beans.factory.config.PropertyPlaceholderConfigurer#0,dataSource,sessionFactory,org.springframework.context.annotation.internalConfigurationAnnotationProcessor,org.springframework.context.annotation.internalAutowiredAnnotationProcessor,org.springframework.context.annotation.internalRequiredAnnotationProcessor,org.springframework.context.annotation.internalCommonAnnotationProcessor,org.springframework.context.annotation.internalPersistenceAnnotationProcessor,org.springframework.aop.config.internalAutoProxyCreator,org.springframework.transaction.annotation.AnnotationTransactionAttributeSource#0,org.springframework.transaction.interceptor.TransactionInterceptor#0,org.springframework.transaction.config.internalTransactionAdvisor,mainServiceBean,accountDao,accountService,categoryDao,categoryService,offerDao,offerService,transactionManager,entityManagerFactory,jpaAdapter,org.springframework.orm.jpa.support.PersistenceAnnotationBeanPostProcessor#0,org.springframework.context.annotation.ConfigurationClassPostProcessor.importAwareProcessor]; root of factory hierarchy
2014-10-03 11:11:42 INFO  Dialect:128 - HHH000400: Using dialect: org.hibernate.dialect.PostgreSQL82Dialect
2014-10-03 11:11:42 INFO  LobCreatorBuilder:120 - HHH000424: Disabling contextual LOB creation as createClob() method threw error : java.lang.reflect.InvocationTargetException
2014-10-03 11:11:42 INFO  TransactionFactoryInitiator:68 - HHH000399: Using default transaction strategy (direct JDBC transactions)
2014-10-03 11:11:42 INFO  ASTQueryTranslatorFactory:48 - HHH000397: Using ASTQueryTranslatorFactory
2014-10-03 11:11:43 WARN  CglibAopProxy:259 - Unable to proxy method [public final void org.springframework.test.context.junit4.AbstractJUnit4SpringContextTests.setApplicationContext(org.springframework.context.ApplicationContext)] because it is final: All calls to this method via a proxy will be routed directly to the proxy.
2014-10-03 11:11:45 WARN  SqlExceptionHelper:143 - SQL Error: 0, SQLState: 23505
2014-10-03 11:11:45 ERROR SqlExceptionHelper:144 - BŁĄD: podwójna wartość klucza narusza ograniczenie unikalności "cat_name"
  Szczegóły: Klucz (category_name)=(kategoriaTestowa) już istnieje.
2014-10-03 11:11:45 INFO  AbstractBatchImpl:195 - HHH000010: On release of batch it still contained JDBC statements
2014-10-03 11:12:56 INFO  GenericApplicationContext:1042 - Closing org.springframework.context.support.GenericApplicationContext@1f81b9e: startup date [Fri Oct 03 11:11:41 CEST 2014]; root of context hierarchy
2014-10-03 11:12:56 INFO  DefaultListableBeanFactory:444 - Destroying singletons in org.springframework.beans.factory.support.DefaultListableBeanFactory@1f6913a: defining beans [org.springframework.beans.factory.config.PropertyPlaceholderConfigurer#0,dataSource,sessionFactory,org.springframework.context.annotation.internalConfigurationAnnotationProcessor,org.springframework.context.annotation.internalAutowiredAnnotationProcessor,org.springframework.context.annotation.internalRequiredAnnotationProcessor,org.springframework.context.annotation.internalCommonAnnotationProcessor,org.springframework.context.annotation.internalPersistenceAnnotationProcessor,org.springframework.aop.config.internalAutoProxyCreator,org.springframework.transaction.annotation.AnnotationTransactionAttributeSource#0,org.springframework.transaction.interceptor.TransactionInterceptor#0,org.springframework.transaction.config.internalTransactionAdvisor,mainServiceBean,accountDao,accountService,categoryDao,categoryService,offerDao,offerService,transactionManager,entityManagerFactory,jpaAdapter,org.springframework.orm.jpa.support.PersistenceAnnotationBeanPostProcessor#0,org.springframework.context.annotation.ConfigurationClassPostProcessor.importAwareProcessor]; root of factory hierarchy
2014-10-03 11:12:56 INFO  LocalContainerEntityManagerFactoryBean:441 - Closing JPA EntityManagerFactory for persistence unit 'Wojtek'
2014-10-03 11:12:59 INFO  XmlBeanDefinitionReader:315 - Loading XML bean definitions from class path resource [test/beanConfiguration-test.xml]
2014-10-03 11:12:59 INFO  XmlBeanDefinitionReader:315 - Loading XML bean definitions from class path resource [test/database/dataSource-test.xml]
2014-10-03 11:12:59 INFO  XmlBeanDefinitionReader:315 - Loading XML bean definitions from class path resource [database/hibernate.xml]
2014-10-03 11:12:59 INFO  XmlBeanDefinitionReader:315 - Loading XML bean definitions from class path resource [beans.xml]
2014-10-03 11:12:59 INFO  ClassPathBeanDefinitionScanner:230 - JSR-330 'javax.inject.Named' annotation found and supported for component scanning
2014-10-03 11:12:59 INFO  GenericApplicationContext:510 - Refreshing org.springframework.context.support.GenericApplicationContext@1f81b9e: startup date [Fri Oct 03 11:12:59 CEST 2014]; root of context hierarchy
2014-10-03 11:12:59 INFO  PropertyPlaceholderConfigurer:177 - Loading properties file from class path resource [test/properties/database-test.properties]
2014-10-03 11:12:59 INFO  AutowiredAnnotationBeanPostProcessor:140 - JSR-330 'javax.inject.Inject' annotation found and supported for autowiring
2014-10-03 11:12:59 INFO  DriverManagerDataSource:153 - Loaded JDBC driver: org.postgresql.Driver
2014-10-03 11:12:59 INFO  LocalContainerEntityManagerFactoryBean:283 - Building JPA container EntityManagerFactory for persistence unit 'Wojtek'
2014-10-03 11:12:59 INFO  Version:37 - HCANN000001: Hibernate Commons Annotations {4.0.1.Final}
2014-10-03 11:12:59 INFO  Version:41 - HHH000412: Hibernate Core {4.2.0.Final}
2014-10-03 11:12:59 INFO  Environment:239 - HHH000206: hibernate.properties not found
2014-10-03 11:12:59 INFO  Environment:342 - HHH000021: Bytecode provider name : javassist
2014-10-03 11:12:59 INFO  Ejb3Configuration:528 - HHH000204: Processing PersistenceUnitInfo [
	name: Wojtek
	...]
2014-10-03 11:13:00 INFO  ConnectionProviderInitiator:188 - HHH000130: Instantiating explicit connection provider: org.hibernate.ejb.connection.InjectedDataSourceConnectionProvider
2014-10-03 11:13:00 INFO  Dialect:128 - HHH000400: Using dialect: org.hibernate.dialect.PostgreSQL82Dialect
2014-10-03 11:13:00 INFO  LobCreatorBuilder:120 - HHH000424: Disabling contextual LOB creation as createClob() method threw error : java.lang.reflect.InvocationTargetException
2014-10-03 11:13:00 INFO  TransactionFactoryInitiator:73 - HHH000268: Transaction strategy: org.hibernate.engine.transaction.internal.jdbc.JdbcTransactionFactory
2014-10-03 11:13:00 INFO  ASTQueryTranslatorFactory:48 - HHH000397: Using ASTQueryTranslatorFactory
2014-10-03 11:13:00 INFO  DefaultListableBeanFactory:577 - Pre-instantiating singletons in org.springframework.beans.factory.support.DefaultListableBeanFactory@1f6913a: defining beans [org.springframework.beans.factory.config.PropertyPlaceholderConfigurer#0,dataSource,sessionFactory,org.springframework.context.annotation.internalConfigurationAnnotationProcessor,org.springframework.context.annotation.internalAutowiredAnnotationProcessor,org.springframework.context.annotation.internalRequiredAnnotationProcessor,org.springframework.context.annotation.internalCommonAnnotationProcessor,org.springframework.context.annotation.internalPersistenceAnnotationProcessor,org.springframework.aop.config.internalAutoProxyCreator,org.springframework.transaction.annotation.AnnotationTransactionAttributeSource#0,org.springframework.transaction.interceptor.TransactionInterceptor#0,org.springframework.transaction.config.internalTransactionAdvisor,mainServiceBean,accountDao,accountService,categoryDao,categoryService,offerDao,offerService,transactionManager,entityManagerFactory,jpaAdapter,org.springframework.orm.jpa.support.PersistenceAnnotationBeanPostProcessor#0,org.springframework.context.annotation.ConfigurationClassPostProcessor.importAwareProcessor]; root of factory hierarchy
2014-10-03 11:13:00 INFO  Dialect:128 - HHH000400: Using dialect: org.hibernate.dialect.PostgreSQL82Dialect
2014-10-03 11:13:00 INFO  LobCreatorBuilder:120 - HHH000424: Disabling contextual LOB creation as createClob() method threw error : java.lang.reflect.InvocationTargetException
2014-10-03 11:13:00 INFO  TransactionFactoryInitiator:68 - HHH000399: Using default transaction strategy (direct JDBC transactions)
2014-10-03 11:13:00 INFO  ASTQueryTranslatorFactory:48 - HHH000397: Using ASTQueryTranslatorFactory
2014-10-03 11:13:01 WARN  CglibAopProxy:259 - Unable to proxy method [public final void org.springframework.test.context.junit4.AbstractJUnit4SpringContextTests.setApplicationContext(org.springframework.context.ApplicationContext)] because it is final: All calls to this method via a proxy will be routed directly to the proxy.
2014-10-03 11:13:01 WARN  SqlExceptionHelper:143 - SQL Error: 0, SQLState: 23505
2014-10-03 11:13:01 ERROR SqlExceptionHelper:144 - BŁĄD: podwójna wartość klucza narusza ograniczenie unikalności "cat_name"
  Szczegóły: Klucz (category_name)=(kategoriaTestowa) już istnieje.
2014-10-03 11:13:01 INFO  AbstractBatchImpl:195 - HHH000010: On release of batch it still contained JDBC statements
2014-10-03 11:22:47 INFO  XmlBeanDefinitionReader:315 - Loading XML bean definitions from class path resource [test/beanConfiguration-test.xml]
2014-10-03 11:22:47 INFO  XmlBeanDefinitionReader:315 - Loading XML bean definitions from class path resource [test/database/dataSource-test.xml]
2014-10-03 11:22:47 INFO  XmlBeanDefinitionReader:315 - Loading XML bean definitions from class path resource [database/hibernate.xml]
2014-10-03 11:22:47 INFO  XmlBeanDefinitionReader:315 - Loading XML bean definitions from class path resource [beans.xml]
2014-10-03 11:22:47 INFO  ClassPathBeanDefinitionScanner:230 - JSR-330 'javax.inject.Named' annotation found and supported for component scanning
2014-10-03 11:22:47 INFO  GenericApplicationContext:510 - Refreshing org.springframework.context.support.GenericApplicationContext@1046822: startup date [Fri Oct 03 11:22:47 CEST 2014]; root of context hierarchy
2014-10-03 11:22:47 INFO  PropertyPlaceholderConfigurer:177 - Loading properties file from class path resource [test/properties/database-test.properties]
2014-10-03 11:22:48 INFO  AutowiredAnnotationBeanPostProcessor:140 - JSR-330 'javax.inject.Inject' annotation found and supported for autowiring
2014-10-03 11:22:48 INFO  DriverManagerDataSource:153 - Loaded JDBC driver: org.postgresql.Driver
2014-10-03 11:22:48 INFO  LocalContainerEntityManagerFactoryBean:283 - Building JPA container EntityManagerFactory for persistence unit 'Wojtek'
2014-10-03 11:22:48 INFO  Version:37 - HCANN000001: Hibernate Commons Annotations {4.0.1.Final}
2014-10-03 11:22:48 INFO  Version:41 - HHH000412: Hibernate Core {4.2.0.Final}
2014-10-03 11:22:48 INFO  Environment:239 - HHH000206: hibernate.properties not found
2014-10-03 11:22:48 INFO  Environment:342 - HHH000021: Bytecode provider name : javassist
2014-10-03 11:22:48 INFO  Ejb3Configuration:528 - HHH000204: Processing PersistenceUnitInfo [
	name: Wojtek
	...]
2014-10-03 11:22:48 INFO  ConnectionProviderInitiator:188 - HHH000130: Instantiating explicit connection provider: org.hibernate.ejb.connection.InjectedDataSourceConnectionProvider
2014-10-03 11:22:48 INFO  Dialect:128 - HHH000400: Using dialect: org.hibernate.dialect.PostgreSQL82Dialect
2014-10-03 11:22:48 INFO  LobCreatorBuilder:120 - HHH000424: Disabling contextual LOB creation as createClob() method threw error : java.lang.reflect.InvocationTargetException
2014-10-03 11:22:48 INFO  TransactionFactoryInitiator:73 - HHH000268: Transaction strategy: org.hibernate.engine.transaction.internal.jdbc.JdbcTransactionFactory
2014-10-03 11:22:48 INFO  ASTQueryTranslatorFactory:48 - HHH000397: Using ASTQueryTranslatorFactory
2014-10-03 11:22:48 INFO  DefaultListableBeanFactory:577 - Pre-instantiating singletons in org.springframework.beans.factory.support.DefaultListableBeanFactory@7b7af9: defining beans [org.springframework.beans.factory.config.PropertyPlaceholderConfigurer#0,dataSource,sessionFactory,org.springframework.context.annotation.internalConfigurationAnnotationProcessor,org.springframework.context.annotation.internalAutowiredAnnotationProcessor,org.springframework.context.annotation.internalRequiredAnnotationProcessor,org.springframework.context.annotation.internalCommonAnnotationProcessor,org.springframework.context.annotation.internalPersistenceAnnotationProcessor,org.springframework.aop.config.internalAutoProxyCreator,org.springframework.transaction.annotation.AnnotationTransactionAttributeSource#0,org.springframework.transaction.interceptor.TransactionInterceptor#0,org.springframework.transaction.config.internalTransactionAdvisor,mainServiceBean,accountDao,accountService,categoryDao,categoryService,offerDao,offerService,transactionManager,entityManagerFactory,jpaAdapter,org.springframework.orm.jpa.support.PersistenceAnnotationBeanPostProcessor#0,org.springframework.context.annotation.ConfigurationClassPostProcessor.importAwareProcessor]; root of factory hierarchy
2014-10-03 11:22:48 INFO  Dialect:128 - HHH000400: Using dialect: org.hibernate.dialect.PostgreSQL82Dialect
2014-10-03 11:22:48 INFO  LobCreatorBuilder:120 - HHH000424: Disabling contextual LOB creation as createClob() method threw error : java.lang.reflect.InvocationTargetException
2014-10-03 11:22:48 INFO  TransactionFactoryInitiator:68 - HHH000399: Using default transaction strategy (direct JDBC transactions)
2014-10-03 11:22:48 INFO  ASTQueryTranslatorFactory:48 - HHH000397: Using ASTQueryTranslatorFactory
2014-10-03 11:22:49 WARN  CglibAopProxy:259 - Unable to proxy method [public final void org.springframework.test.context.junit4.AbstractJUnit4SpringContextTests.setApplicationContext(org.springframework.context.ApplicationContext)] because it is final: All calls to this method via a proxy will be routed directly to the proxy.
2014-10-03 11:22:51 WARN  SqlExceptionHelper:143 - SQL Error: 0, SQLState: 23505
2014-10-03 11:22:51 ERROR SqlExceptionHelper:144 - BŁĄD: podwójna wartość klucza narusza ograniczenie unikalności "cat_name"
  Szczegóły: Klucz (category_name)=(kategoriaTestowa) już istnieje.
2014-10-03 11:22:51 INFO  AbstractBatchImpl:195 - HHH000010: On release of batch it still contained JDBC statements
2014-10-03 11:22:51 INFO  GenericApplicationContext:1042 - Closing org.springframework.context.support.GenericApplicationContext@1046822: startup date [Fri Oct 03 11:22:47 CEST 2014]; root of context hierarchy
2014-10-03 11:22:51 INFO  DefaultListableBeanFactory:444 - Destroying singletons in org.springframework.beans.factory.support.DefaultListableBeanFactory@7b7af9: defining beans [org.springframework.beans.factory.config.PropertyPlaceholderConfigurer#0,dataSource,sessionFactory,org.springframework.context.annotation.internalConfigurationAnnotationProcessor,org.springframework.context.annotation.internalAutowiredAnnotationProcessor,org.springframework.context.annotation.internalRequiredAnnotationProcessor,org.springframework.context.annotation.internalCommonAnnotationProcessor,org.springframework.context.annotation.internalPersistenceAnnotationProcessor,org.springframework.aop.config.internalAutoProxyCreator,org.springframework.transaction.annotation.AnnotationTransactionAttributeSource#0,org.springframework.transaction.interceptor.TransactionInterceptor#0,org.springframework.transaction.config.internalTransactionAdvisor,mainServiceBean,accountDao,accountService,categoryDao,categoryService,offerDao,offerService,transactionManager,entityManagerFactory,jpaAdapter,org.springframework.orm.jpa.support.PersistenceAnnotationBeanPostProcessor#0,org.springframework.context.annotation.ConfigurationClassPostProcessor.importAwareProcessor]; root of factory hierarchy
2014-10-03 11:22:51 INFO  LocalContainerEntityManagerFactoryBean:441 - Closing JPA EntityManagerFactory for persistence unit 'Wojtek'
2014-10-03 11:23:36 INFO  XmlBeanDefinitionReader:315 - Loading XML bean definitions from class path resource [test/beanConfiguration-test.xml]
2014-10-03 11:23:36 INFO  XmlBeanDefinitionReader:315 - Loading XML bean definitions from class path resource [test/database/dataSource-test.xml]
2014-10-03 11:23:36 INFO  XmlBeanDefinitionReader:315 - Loading XML bean definitions from class path resource [database/hibernate.xml]
2014-10-03 11:23:36 INFO  XmlBeanDefinitionReader:315 - Loading XML bean definitions from class path resource [beans.xml]
2014-10-03 11:23:36 INFO  ClassPathBeanDefinitionScanner:230 - JSR-330 'javax.inject.Named' annotation found and supported for component scanning
2014-10-03 11:23:36 INFO  GenericApplicationContext:510 - Refreshing org.springframework.context.support.GenericApplicationContext@1046822: startup date [Fri Oct 03 11:23:36 CEST 2014]; root of context hierarchy
2014-10-03 11:23:36 INFO  PropertyPlaceholderConfigurer:177 - Loading properties file from class path resource [test/properties/database-test.properties]
2014-10-03 11:23:36 INFO  AutowiredAnnotationBeanPostProcessor:140 - JSR-330 'javax.inject.Inject' annotation found and supported for autowiring
2014-10-03 11:23:37 INFO  DriverManagerDataSource:153 - Loaded JDBC driver: org.postgresql.Driver
2014-10-03 11:23:37 INFO  LocalContainerEntityManagerFactoryBean:283 - Building JPA container EntityManagerFactory for persistence unit 'Wojtek'
2014-10-03 11:23:37 INFO  Version:37 - HCANN000001: Hibernate Commons Annotations {4.0.1.Final}
2014-10-03 11:23:37 INFO  Version:41 - HHH000412: Hibernate Core {4.2.0.Final}
2014-10-03 11:23:37 INFO  Environment:239 - HHH000206: hibernate.properties not found
2014-10-03 11:23:37 INFO  Environment:342 - HHH000021: Bytecode provider name : javassist
2014-10-03 11:23:37 INFO  Ejb3Configuration:528 - HHH000204: Processing PersistenceUnitInfo [
	name: Wojtek
	...]
2014-10-03 11:23:37 INFO  ConnectionProviderInitiator:188 - HHH000130: Instantiating explicit connection provider: org.hibernate.ejb.connection.InjectedDataSourceConnectionProvider
2014-10-03 11:23:37 INFO  Dialect:128 - HHH000400: Using dialect: org.hibernate.dialect.PostgreSQL82Dialect
2014-10-03 11:23:37 INFO  LobCreatorBuilder:120 - HHH000424: Disabling contextual LOB creation as createClob() method threw error : java.lang.reflect.InvocationTargetException
2014-10-03 11:23:37 INFO  TransactionFactoryInitiator:73 - HHH000268: Transaction strategy: org.hibernate.engine.transaction.internal.jdbc.JdbcTransactionFactory
2014-10-03 11:23:37 INFO  ASTQueryTranslatorFactory:48 - HHH000397: Using ASTQueryTranslatorFactory
2014-10-03 11:23:37 INFO  DefaultListableBeanFactory:577 - Pre-instantiating singletons in org.springframework.beans.factory.support.DefaultListableBeanFactory@7b7af9: defining beans [org.springframework.beans.factory.config.PropertyPlaceholderConfigurer#0,dataSource,sessionFactory,org.springframework.context.annotation.internalConfigurationAnnotationProcessor,org.springframework.context.annotation.internalAutowiredAnnotationProcessor,org.springframework.context.annotation.internalRequiredAnnotationProcessor,org.springframework.context.annotation.internalCommonAnnotationProcessor,org.springframework.context.annotation.internalPersistenceAnnotationProcessor,org.springframework.aop.config.internalAutoProxyCreator,org.springframework.transaction.annotation.AnnotationTransactionAttributeSource#0,org.springframework.transaction.interceptor.TransactionInterceptor#0,org.springframework.transaction.config.internalTransactionAdvisor,mainServiceBean,accountDao,accountService,categoryDao,categoryService,offerDao,offerService,transactionManager,entityManagerFactory,jpaAdapter,org.springframework.orm.jpa.support.PersistenceAnnotationBeanPostProcessor#0,org.springframework.context.annotation.ConfigurationClassPostProcessor.importAwareProcessor]; root of factory hierarchy
2014-10-03 11:23:37 INFO  Dialect:128 - HHH000400: Using dialect: org.hibernate.dialect.PostgreSQL82Dialect
2014-10-03 11:23:37 INFO  LobCreatorBuilder:120 - HHH000424: Disabling contextual LOB creation as createClob() method threw error : java.lang.reflect.InvocationTargetException
2014-10-03 11:23:37 INFO  TransactionFactoryInitiator:68 - HHH000399: Using default transaction strategy (direct JDBC transactions)
2014-10-03 11:23:37 INFO  ASTQueryTranslatorFactory:48 - HHH000397: Using ASTQueryTranslatorFactory
2014-10-03 11:23:38 WARN  CglibAopProxy:259 - Unable to proxy method [public final void org.springframework.test.context.junit4.AbstractJUnit4SpringContextTests.setApplicationContext(org.springframework.context.ApplicationContext)] because it is final: All calls to this method via a proxy will be routed directly to the proxy.
2014-10-03 11:23:40 WARN  SqlExceptionHelper:143 - SQL Error: 0, SQLState: 23505
2014-10-03 11:23:40 ERROR SqlExceptionHelper:144 - BŁĄD: podwójna wartość klucza narusza ograniczenie unikalności "cat_name"
  Szczegóły: Klucz (category_name)=(kategoriaTestowa) już istnieje.
2014-10-03 11:23:40 INFO  AbstractBatchImpl:195 - HHH000010: On release of batch it still contained JDBC statements
2014-10-03 11:23:40 INFO  GenericApplicationContext:1042 - Closing org.springframework.context.support.GenericApplicationContext@1046822: startup date [Fri Oct 03 11:23:36 CEST 2014]; root of context hierarchy
2014-10-03 11:23:40 INFO  DefaultListableBeanFactory:444 - Destroying singletons in org.springframework.beans.factory.support.DefaultListableBeanFactory@7b7af9: defining beans [org.springframework.beans.factory.config.PropertyPlaceholderConfigurer#0,dataSource,sessionFactory,org.springframework.context.annotation.internalConfigurationAnnotationProcessor,org.springframework.context.annotation.internalAutowiredAnnotationProcessor,org.springframework.context.annotation.internalRequiredAnnotationProcessor,org.springframework.context.annotation.internalCommonAnnotationProcessor,org.springframework.context.annotation.internalPersistenceAnnotationProcessor,org.springframework.aop.config.internalAutoProxyCreator,org.springframework.transaction.annotation.AnnotationTransactionAttributeSource#0,org.springframework.transaction.interceptor.TransactionInterceptor#0,org.springframework.transaction.config.internalTransactionAdvisor,mainServiceBean,accountDao,accountService,categoryDao,categoryService,offerDao,offerService,transactionManager,entityManagerFactory,jpaAdapter,org.springframework.orm.jpa.support.PersistenceAnnotationBeanPostProcessor#0,org.springframework.context.annotation.ConfigurationClassPostProcessor.importAwareProcessor]; root of factory hierarchy
2014-10-03 11:23:40 INFO  LocalContainerEntityManagerFactoryBean:441 - Closing JPA EntityManagerFactory for persistence unit 'Wojtek'
2014-10-03 11:24:08 INFO  XmlBeanDefinitionReader:315 - Loading XML bean definitions from class path resource [test/beanConfiguration-test.xml]
2014-10-03 11:24:08 INFO  XmlBeanDefinitionReader:315 - Loading XML bean definitions from class path resource [test/database/dataSource-test.xml]
2014-10-03 11:24:08 INFO  XmlBeanDefinitionReader:315 - Loading XML bean definitions from class path resource [database/hibernate.xml]
2014-10-03 11:24:08 INFO  XmlBeanDefinitionReader:315 - Loading XML bean definitions from class path resource [beans.xml]
2014-10-03 11:24:08 INFO  ClassPathBeanDefinitionScanner:230 - JSR-330 'javax.inject.Named' annotation found and supported for component scanning
2014-10-03 11:24:08 INFO  GenericApplicationContext:510 - Refreshing org.springframework.context.support.GenericApplicationContext@1046822: startup date [Fri Oct 03 11:24:08 CEST 2014]; root of context hierarchy
2014-10-03 11:24:08 INFO  PropertyPlaceholderConfigurer:177 - Loading properties file from class path resource [test/properties/database-test.properties]
2014-10-03 11:24:08 INFO  AutowiredAnnotationBeanPostProcessor:140 - JSR-330 'javax.inject.Inject' annotation found and supported for autowiring
2014-10-03 11:24:08 INFO  DriverManagerDataSource:153 - Loaded JDBC driver: org.postgresql.Driver
2014-10-03 11:24:08 INFO  LocalContainerEntityManagerFactoryBean:283 - Building JPA container EntityManagerFactory for persistence unit 'Wojtek'
2014-10-03 11:24:09 INFO  Version:37 - HCANN000001: Hibernate Commons Annotations {4.0.1.Final}
2014-10-03 11:24:09 INFO  Version:41 - HHH000412: Hibernate Core {4.2.0.Final}
2014-10-03 11:24:09 INFO  Environment:239 - HHH000206: hibernate.properties not found
2014-10-03 11:24:09 INFO  Environment:342 - HHH000021: Bytecode provider name : javassist
2014-10-03 11:24:09 INFO  Ejb3Configuration:528 - HHH000204: Processing PersistenceUnitInfo [
	name: Wojtek
	...]
2014-10-03 11:24:09 INFO  ConnectionProviderInitiator:188 - HHH000130: Instantiating explicit connection provider: org.hibernate.ejb.connection.InjectedDataSourceConnectionProvider
2014-10-03 11:24:09 INFO  Dialect:128 - HHH000400: Using dialect: org.hibernate.dialect.PostgreSQL82Dialect
2014-10-03 11:24:09 INFO  LobCreatorBuilder:120 - HHH000424: Disabling contextual LOB creation as createClob() method threw error : java.lang.reflect.InvocationTargetException
2014-10-03 11:24:09 INFO  TransactionFactoryInitiator:73 - HHH000268: Transaction strategy: org.hibernate.engine.transaction.internal.jdbc.JdbcTransactionFactory
2014-10-03 11:24:09 INFO  ASTQueryTranslatorFactory:48 - HHH000397: Using ASTQueryTranslatorFactory
2014-10-03 11:24:09 INFO  DefaultListableBeanFactory:577 - Pre-instantiating singletons in org.springframework.beans.factory.support.DefaultListableBeanFactory@7b7af9: defining beans [org.springframework.beans.factory.config.PropertyPlaceholderConfigurer#0,dataSource,sessionFactory,org.springframework.context.annotation.internalConfigurationAnnotationProcessor,org.springframework.context.annotation.internalAutowiredAnnotationProcessor,org.springframework.context.annotation.internalRequiredAnnotationProcessor,org.springframework.context.annotation.internalCommonAnnotationProcessor,org.springframework.context.annotation.internalPersistenceAnnotationProcessor,org.springframework.aop.config.internalAutoProxyCreator,org.springframework.transaction.annotation.AnnotationTransactionAttributeSource#0,org.springframework.transaction.interceptor.TransactionInterceptor#0,org.springframework.transaction.config.internalTransactionAdvisor,mainServiceBean,accountDao,accountService,categoryDao,categoryService,offerDao,offerService,transactionManager,entityManagerFactory,jpaAdapter,org.springframework.orm.jpa.support.PersistenceAnnotationBeanPostProcessor#0,org.springframework.context.annotation.ConfigurationClassPostProcessor.importAwareProcessor]; root of factory hierarchy
2014-10-03 11:24:09 INFO  Dialect:128 - HHH000400: Using dialect: org.hibernate.dialect.PostgreSQL82Dialect
2014-10-03 11:24:09 INFO  LobCreatorBuilder:120 - HHH000424: Disabling contextual LOB creation as createClob() method threw error : java.lang.reflect.InvocationTargetException
2014-10-03 11:24:09 INFO  TransactionFactoryInitiator:68 - HHH000399: Using default transaction strategy (direct JDBC transactions)
2014-10-03 11:24:09 INFO  ASTQueryTranslatorFactory:48 - HHH000397: Using ASTQueryTranslatorFactory
2014-10-03 11:24:09 WARN  CglibAopProxy:259 - Unable to proxy method [public final void org.springframework.test.context.junit4.AbstractJUnit4SpringContextTests.setApplicationContext(org.springframework.context.ApplicationContext)] because it is final: All calls to this method via a proxy will be routed directly to the proxy.
2014-10-03 11:24:12 WARN  SqlExceptionHelper:143 - SQL Error: 0, SQLState: 23505
2014-10-03 11:24:12 ERROR SqlExceptionHelper:144 - BŁĄD: podwójna wartość klucza narusza ograniczenie unikalności "cat_name"
  Szczegóły: Klucz (category_name)=(kategoriaTestowa) już istnieje.
2014-10-03 11:24:12 INFO  AbstractBatchImpl:195 - HHH000010: On release of batch it still contained JDBC statements
2014-10-03 11:24:13 INFO  GenericApplicationContext:1042 - Closing org.springframework.context.support.GenericApplicationContext@1046822: startup date [Fri Oct 03 11:24:08 CEST 2014]; root of context hierarchy
2014-10-03 11:24:13 INFO  DefaultListableBeanFactory:444 - Destroying singletons in org.springframework.beans.factory.support.DefaultListableBeanFactory@7b7af9: defining beans [org.springframework.beans.factory.config.PropertyPlaceholderConfigurer#0,dataSource,sessionFactory,org.springframework.context.annotation.internalConfigurationAnnotationProcessor,org.springframework.context.annotation.internalAutowiredAnnotationProcessor,org.springframework.context.annotation.internalRequiredAnnotationProcessor,org.springframework.context.annotation.internalCommonAnnotationProcessor,org.springframework.context.annotation.internalPersistenceAnnotationProcessor,org.springframework.aop.config.internalAutoProxyCreator,org.springframework.transaction.annotation.AnnotationTransactionAttributeSource#0,org.springframework.transaction.interceptor.TransactionInterceptor#0,org.springframework.transaction.config.internalTransactionAdvisor,mainServiceBean,accountDao,accountService,categoryDao,categoryService,offerDao,offerService,transactionManager,entityManagerFactory,jpaAdapter,org.springframework.orm.jpa.support.PersistenceAnnotationBeanPostProcessor#0,org.springframework.context.annotation.ConfigurationClassPostProcessor.importAwareProcessor]; root of factory hierarchy
2014-10-03 11:24:13 INFO  LocalContainerEntityManagerFactoryBean:441 - Closing JPA EntityManagerFactory for persistence unit 'Wojtek'
2014-10-03 11:25:56 INFO  XmlBeanDefinitionReader:315 - Loading XML bean definitions from class path resource [test/beanConfiguration-test.xml]
2014-10-03 11:25:56 INFO  XmlBeanDefinitionReader:315 - Loading XML bean definitions from class path resource [test/database/dataSource-test.xml]
2014-10-03 11:25:56 INFO  XmlBeanDefinitionReader:315 - Loading XML bean definitions from class path resource [database/hibernate.xml]
2014-10-03 11:25:56 INFO  XmlBeanDefinitionReader:315 - Loading XML bean definitions from class path resource [beans.xml]
2014-10-03 11:25:56 INFO  ClassPathBeanDefinitionScanner:230 - JSR-330 'javax.inject.Named' annotation found and supported for component scanning
2014-10-03 11:25:56 INFO  GenericApplicationContext:510 - Refreshing org.springframework.context.support.GenericApplicationContext@1046822: startup date [Fri Oct 03 11:25:56 CEST 2014]; root of context hierarchy
2014-10-03 11:25:56 INFO  PropertyPlaceholderConfigurer:177 - Loading properties file from class path resource [test/properties/database-test.properties]
2014-10-03 11:25:56 INFO  AutowiredAnnotationBeanPostProcessor:140 - JSR-330 'javax.inject.Inject' annotation found and supported for autowiring
2014-10-03 11:25:56 INFO  DriverManagerDataSource:153 - Loaded JDBC driver: org.postgresql.Driver
2014-10-03 11:25:56 INFO  LocalContainerEntityManagerFactoryBean:283 - Building JPA container EntityManagerFactory for persistence unit 'Wojtek'
2014-10-03 11:25:56 INFO  Version:37 - HCANN000001: Hibernate Commons Annotations {4.0.1.Final}
2014-10-03 11:25:56 INFO  Version:41 - HHH000412: Hibernate Core {4.2.0.Final}
2014-10-03 11:25:56 INFO  Environment:239 - HHH000206: hibernate.properties not found
2014-10-03 11:25:56 INFO  Environment:342 - HHH000021: Bytecode provider name : javassist
2014-10-03 11:25:56 INFO  Ejb3Configuration:528 - HHH000204: Processing PersistenceUnitInfo [
	name: Wojtek
	...]
2014-10-03 11:25:56 INFO  ConnectionProviderInitiator:188 - HHH000130: Instantiating explicit connection provider: org.hibernate.ejb.connection.InjectedDataSourceConnectionProvider
2014-10-03 11:25:57 INFO  Dialect:128 - HHH000400: Using dialect: org.hibernate.dialect.PostgreSQL82Dialect
2014-10-03 11:25:57 INFO  LobCreatorBuilder:120 - HHH000424: Disabling contextual LOB creation as createClob() method threw error : java.lang.reflect.InvocationTargetException
2014-10-03 11:25:57 INFO  TransactionFactoryInitiator:73 - HHH000268: Transaction strategy: org.hibernate.engine.transaction.internal.jdbc.JdbcTransactionFactory
2014-10-03 11:25:57 INFO  ASTQueryTranslatorFactory:48 - HHH000397: Using ASTQueryTranslatorFactory
2014-10-03 11:25:57 INFO  DefaultListableBeanFactory:577 - Pre-instantiating singletons in org.springframework.beans.factory.support.DefaultListableBeanFactory@15b1bc2: defining beans [org.springframework.beans.factory.config.PropertyPlaceholderConfigurer#0,dataSource,sessionFactory,org.springframework.context.annotation.internalConfigurationAnnotationProcessor,org.springframework.context.annotation.internalAutowiredAnnotationProcessor,org.springframework.context.annotation.internalRequiredAnnotationProcessor,org.springframework.context.annotation.internalCommonAnnotationProcessor,org.springframework.context.annotation.internalPersistenceAnnotationProcessor,org.springframework.aop.config.internalAutoProxyCreator,org.springframework.transaction.annotation.AnnotationTransactionAttributeSource#0,org.springframework.transaction.interceptor.TransactionInterceptor#0,org.springframework.transaction.config.internalTransactionAdvisor,mainServiceBean,accountDao,accountService,categoryDao,categoryService,offerDao,offerService,transactionManager,entityManagerFactory,jpaAdapter,org.springframework.orm.jpa.support.PersistenceAnnotationBeanPostProcessor#0,org.springframework.context.annotation.ConfigurationClassPostProcessor.importAwareProcessor]; root of factory hierarchy
2014-10-03 11:25:57 INFO  Dialect:128 - HHH000400: Using dialect: org.hibernate.dialect.PostgreSQL82Dialect
2014-10-03 11:25:57 INFO  LobCreatorBuilder:120 - HHH000424: Disabling contextual LOB creation as createClob() method threw error : java.lang.reflect.InvocationTargetException
2014-10-03 11:25:57 INFO  TransactionFactoryInitiator:68 - HHH000399: Using default transaction strategy (direct JDBC transactions)
2014-10-03 11:25:57 INFO  ASTQueryTranslatorFactory:48 - HHH000397: Using ASTQueryTranslatorFactory
2014-10-03 11:25:57 WARN  CglibAopProxy:259 - Unable to proxy method [public final void org.springframework.test.context.junit4.AbstractJUnit4SpringContextTests.setApplicationContext(org.springframework.context.ApplicationContext)] because it is final: All calls to this method via a proxy will be routed directly to the proxy.
2014-10-03 11:25:58 WARN  SqlExceptionHelper:143 - SQL Error: 0, SQLState: 23505
2014-10-03 11:25:58 ERROR SqlExceptionHelper:144 - BŁĄD: podwójna wartość klucza narusza ograniczenie unikalności "cat_name"
  Szczegóły: Klucz (category_name)=(kategoriaTestowa) już istnieje.
2014-10-03 11:25:58 INFO  AbstractBatchImpl:195 - HHH000010: On release of batch it still contained JDBC statements
2014-10-03 11:26:01 INFO  GenericApplicationContext:1042 - Closing org.springframework.context.support.GenericApplicationContext@1046822: startup date [Fri Oct 03 11:25:56 CEST 2014]; root of context hierarchy
2014-10-03 11:26:01 INFO  DefaultListableBeanFactory:444 - Destroying singletons in org.springframework.beans.factory.support.DefaultListableBeanFactory@15b1bc2: defining beans [org.springframework.beans.factory.config.PropertyPlaceholderConfigurer#0,dataSource,sessionFactory,org.springframework.context.annotation.internalConfigurationAnnotationProcessor,org.springframework.context.annotation.internalAutowiredAnnotationProcessor,org.springframework.context.annotation.internalRequiredAnnotationProcessor,org.springframework.context.annotation.internalCommonAnnotationProcessor,org.springframework.context.annotation.internalPersistenceAnnotationProcessor,org.springframework.aop.config.internalAutoProxyCreator,org.springframework.transaction.annotation.AnnotationTransactionAttributeSource#0,org.springframework.transaction.interceptor.TransactionInterceptor#0,org.springframework.transaction.config.internalTransactionAdvisor,mainServiceBean,accountDao,accountService,categoryDao,categoryService,offerDao,offerService,transactionManager,entityManagerFactory,jpaAdapter,org.springframework.orm.jpa.support.PersistenceAnnotationBeanPostProcessor#0,org.springframework.context.annotation.ConfigurationClassPostProcessor.importAwareProcessor]; root of factory hierarchy
2014-10-03 11:26:01 INFO  LocalContainerEntityManagerFactoryBean:441 - Closing JPA EntityManagerFactory for persistence unit 'Wojtek'
2014-10-03 11:35:29 INFO  XmlBeanDefinitionReader:315 - Loading XML bean definitions from class path resource [test/beanConfiguration-test.xml]
2014-10-03 11:35:29 INFO  XmlBeanDefinitionReader:315 - Loading XML bean definitions from class path resource [test/database/dataSource-test.xml]
2014-10-03 11:35:29 INFO  XmlBeanDefinitionReader:315 - Loading XML bean definitions from class path resource [database/hibernate.xml]
2014-10-03 11:35:29 INFO  XmlBeanDefinitionReader:315 - Loading XML bean definitions from class path resource [beans.xml]
2014-10-03 11:35:29 INFO  ClassPathBeanDefinitionScanner:230 - JSR-330 'javax.inject.Named' annotation found and supported for component scanning
2014-10-03 11:35:30 INFO  GenericApplicationContext:510 - Refreshing org.springframework.context.support.GenericApplicationContext@333b2e: startup date [Fri Oct 03 11:35:30 CEST 2014]; root of context hierarchy
2014-10-03 11:35:30 INFO  PropertyPlaceholderConfigurer:177 - Loading properties file from class path resource [test/properties/database-test.properties]
2014-10-03 11:35:30 INFO  AutowiredAnnotationBeanPostProcessor:140 - JSR-330 'javax.inject.Inject' annotation found and supported for autowiring
2014-10-03 11:35:30 INFO  DriverManagerDataSource:153 - Loaded JDBC driver: org.postgresql.Driver
2014-10-03 11:35:30 INFO  LocalContainerEntityManagerFactoryBean:283 - Building JPA container EntityManagerFactory for persistence unit 'Wojtek'
2014-10-03 11:35:30 INFO  Version:37 - HCANN000001: Hibernate Commons Annotations {4.0.1.Final}
2014-10-03 11:35:30 INFO  Version:41 - HHH000412: Hibernate Core {4.2.0.Final}
2014-10-03 11:35:30 INFO  Environment:239 - HHH000206: hibernate.properties not found
2014-10-03 11:35:30 INFO  Environment:342 - HHH000021: Bytecode provider name : javassist
2014-10-03 11:35:30 INFO  Ejb3Configuration:528 - HHH000204: Processing PersistenceUnitInfo [
	name: Wojtek
	...]
2014-10-03 11:35:30 INFO  ConnectionProviderInitiator:188 - HHH000130: Instantiating explicit connection provider: org.hibernate.ejb.connection.InjectedDataSourceConnectionProvider
2014-10-03 11:35:30 INFO  Dialect:128 - HHH000400: Using dialect: org.hibernate.dialect.PostgreSQL82Dialect
2014-10-03 11:35:30 INFO  LobCreatorBuilder:120 - HHH000424: Disabling contextual LOB creation as createClob() method threw error : java.lang.reflect.InvocationTargetException
2014-10-03 11:35:30 INFO  TransactionFactoryInitiator:73 - HHH000268: Transaction strategy: org.hibernate.engine.transaction.internal.jdbc.JdbcTransactionFactory
2014-10-03 11:35:30 INFO  ASTQueryTranslatorFactory:48 - HHH000397: Using ASTQueryTranslatorFactory
2014-10-03 11:35:31 INFO  DefaultListableBeanFactory:577 - Pre-instantiating singletons in org.springframework.beans.factory.support.DefaultListableBeanFactory@b80eb0: defining beans [org.springframework.beans.factory.config.PropertyPlaceholderConfigurer#0,dataSource,sessionFactory,org.springframework.context.annotation.internalConfigurationAnnotationProcessor,org.springframework.context.annotation.internalAutowiredAnnotationProcessor,org.springframework.context.annotation.internalRequiredAnnotationProcessor,org.springframework.context.annotation.internalCommonAnnotationProcessor,org.springframework.context.annotation.internalPersistenceAnnotationProcessor,org.springframework.aop.config.internalAutoProxyCreator,org.springframework.transaction.annotation.AnnotationTransactionAttributeSource#0,org.springframework.transaction.interceptor.TransactionInterceptor#0,org.springframework.transaction.config.internalTransactionAdvisor,mainServiceBean,accountDao,accountService,categoryDao,categoryService,offerDao,offerService,transactionManager,entityManagerFactory,jpaAdapter,org.springframework.orm.jpa.support.PersistenceAnnotationBeanPostProcessor#0,org.springframework.context.annotation.ConfigurationClassPostProcessor.importAwareProcessor]; root of factory hierarchy
2014-10-03 11:35:31 INFO  Dialect:128 - HHH000400: Using dialect: org.hibernate.dialect.PostgreSQL82Dialect
2014-10-03 11:35:31 INFO  LobCreatorBuilder:120 - HHH000424: Disabling contextual LOB creation as createClob() method threw error : java.lang.reflect.InvocationTargetException
2014-10-03 11:35:31 INFO  TransactionFactoryInitiator:68 - HHH000399: Using default transaction strategy (direct JDBC transactions)
2014-10-03 11:35:31 INFO  ASTQueryTranslatorFactory:48 - HHH000397: Using ASTQueryTranslatorFactory
2014-10-03 11:35:31 WARN  CglibAopProxy:259 - Unable to proxy method [public final void org.springframework.test.context.junit4.AbstractJUnit4SpringContextTests.setApplicationContext(org.springframework.context.ApplicationContext)] because it is final: All calls to this method via a proxy will be routed directly to the proxy.
2014-10-03 11:35:33 WARN  SqlExceptionHelper:143 - SQL Error: 0, SQLState: 23505
2014-10-03 11:35:33 ERROR SqlExceptionHelper:144 - BŁĄD: podwójna wartość klucza narusza ograniczenie unikalności "cat_name"
  Szczegóły: Klucz (category_name)=(kategoriaTestowa) już istnieje.
2014-10-03 11:35:33 INFO  AbstractBatchImpl:195 - HHH000010: On release of batch it still contained JDBC statements
2014-10-03 11:35:34 INFO  GenericApplicationContext:1042 - Closing org.springframework.context.support.GenericApplicationContext@333b2e: startup date [Fri Oct 03 11:35:30 CEST 2014]; root of context hierarchy
2014-10-03 11:35:34 INFO  DefaultListableBeanFactory:444 - Destroying singletons in org.springframework.beans.factory.support.DefaultListableBeanFactory@b80eb0: defining beans [org.springframework.beans.factory.config.PropertyPlaceholderConfigurer#0,dataSource,sessionFactory,org.springframework.context.annotation.internalConfigurationAnnotationProcessor,org.springframework.context.annotation.internalAutowiredAnnotationProcessor,org.springframework.context.annotation.internalRequiredAnnotationProcessor,org.springframework.context.annotation.internalCommonAnnotationProcessor,org.springframework.context.annotation.internalPersistenceAnnotationProcessor,org.springframework.aop.config.internalAutoProxyCreator,org.springframework.transaction.annotation.AnnotationTransactionAttributeSource#0,org.springframework.transaction.interceptor.TransactionInterceptor#0,org.springframework.transaction.config.internalTransactionAdvisor,mainServiceBean,accountDao,accountService,categoryDao,categoryService,offerDao,offerService,transactionManager,entityManagerFactory,jpaAdapter,org.springframework.orm.jpa.support.PersistenceAnnotationBeanPostProcessor#0,org.springframework.context.annotation.ConfigurationClassPostProcessor.importAwareProcessor]; root of factory hierarchy
2014-10-03 11:35:34 INFO  LocalContainerEntityManagerFactoryBean:441 - Closing JPA EntityManagerFactory for persistence unit 'Wojtek'
